<?xml version="1.0" encoding="UTF-8"?>
<!-- Generated by org.testng.reporters.JUnitReportReporter -->
<testsuite hostname="DESKTOP-E3FNQHB" failures="0" tests="1" name="com.inetbanking.test.cases.Test_login_001" time="3.379" errors="0" timestamp="2022-07-19T14:52:10 IST" skipped="0">
  <testcase classname="com.inetbanking.test.cases.Test_login_001" name="logintest" time="3.379"/>
  <system-out/>
</testsuite> <!-- com.inetbanking.test.cases.Test_login_001 -->
